<?xml version="1.0" encoding="UTF-8"?>
<!-- Generated by org.testng.reporters.JUnitReportReporter -->
<testsuite skipped="0" hostname="LAPTOP-DLVT3TH2" name="com.test.pack1.Test2" tests="4" failures="0" timestamp="2021-05-02T11:15:36 IST" time="0.002" errors="0">
  <testcase name="sub" time="0.001" classname="com.test.pack1.Test2"/>
  <system-out/>
  <testcase name="multi" time="0.000" classname="com.test.pack1.Test2"/>
  <system-out/>
  <testcase name="add" time="0.001" classname="com.test.pack1.Test2"/>
  <system-out/>
  <testcase name="div" time="0.000" classname="com.test.pack1.Test2"/>
  <system-out/>
</testsuite> <!-- com.test.pack1.Test2 -->
